app/build/intermediates/manifest_merge_blame_file/release/manifest-merger-blame-release-report.txt
1<?xml version="1.0" encoding="utf-8"?>
2<manifest xmlns:android="http://schemas.android.com/apk/res/android"
3    package="com.jampez.sidebysideexample"
4    android:versionCode="1"
5    android:versionName="1.0" >
6
7    <uses-sdk
8        android:minSdkVersion="15"
8-->src/main/AndroidManifest.xml
9        android:targetSdkVersion="29" />
9-->src/main/AndroidManifest.xml
10
11    <application
11-->src/main/AndroidManifest.xml:5:5-32:19
12        android:allowBackup="true"
12-->src/main/AndroidManifest.xml:6:9-35
13        android:appComponentFactory="androidx.core.app.CoreComponentFactory"
13-->[androidx.core:core:1.1.0] AndroidManifest.xml:24:18-86
14        android:fullBackupContent="@xml/backup"
14-->src/main/AndroidManifest.xml:7:9-48
15        android:icon="@mipmap/ic_launcher"
15-->src/main/AndroidManifest.xml:8:9-43
16        android:label="@string/app_name"
16-->src/main/AndroidManifest.xml:9:9-41
17        android:roundIcon="@mipmap/ic_launcher_round"
17-->src/main/AndroidManifest.xml:10:9-54
18        android:supportsRtl="true"
18-->src/main/AndroidManifest.xml:11:9-35
19        android:theme="@style/AppTheme" >
19-->src/main/AndroidManifest.xml:12:9-40
20        <activity
20-->src/main/AndroidManifest.xml:13:9-31:20
21            android:name="com.jampez.sidebysideexample.MainActivity"
21-->src/main/AndroidManifest.xml:13:19-75
22            android:configChanges="orientation|keyboardHidden|screenLayout|screenSize" >
22-->src/main/AndroidManifest.xml:14:13-87
23            <intent-filter>
23-->src/main/AndroidManifest.xml:15:13-19:29
24                <action android:name="android.intent.action.MAIN" />
24-->src/main/AndroidManifest.xml:16:17-69
24-->src/main/AndroidManifest.xml:16:25-66
25
26                <category android:name="android.intent.category.LAUNCHER" />
26-->src/main/AndroidManifest.xml:18:17-77
26-->src/main/AndroidManifest.xml:18:27-74
27            </intent-filter>
28            <intent-filter>
28-->src/main/AndroidManifest.xml:20:13-30:29
29                <action android:name="android.intent.action.VIEW" />
29-->src/main/AndroidManifest.xml:21:17-69
29-->src/main/AndroidManifest.xml:21:25-66
30
31                <category android:name="android.intent.category.DEFAULT" />
31-->src/main/AndroidManifest.xml:23:17-76
31-->src/main/AndroidManifest.xml:23:27-73
32                <category android:name="android.intent.category.BROWSABLE" />
32-->src/main/AndroidManifest.xml:24:17-78
32-->src/main/AndroidManifest.xml:24:27-75
33
34                <data
34-->src/main/AndroidManifest.xml:26:17-28:45
35                    android:host="www.jampez.uk"
35-->src/main/AndroidManifest.xml:27:21-49
36                    android:scheme="http" />
36-->src/main/AndroidManifest.xml:28:21-42
37                <!-- feedback that the leading "/" is required for pathPrefix -->
38            </intent-filter>
39        </activity>
40    </application>
41
42</manifest>